# JRE version: OpenJDK Runtime Environment Temurin-21.0.10+7 (21.0.10+7) (build 21.0.10+7-LTS)
# Java VM: OpenJDK 64-Bit Server VM Temurin-21.0.10+7 (21.0.10+7-LTS, mixed mode, sharing, tiered, compressed oops, compressed class ptrs, parallel gc, windows-amd64)
GC Precious Log:
 CardTable entry size: 512
 CPUs: 8 total, 8 available
 Memory: 5877M
 Large Page Support: Disabled
 NUMA Support: Disabled
 Compressed Oops: Enabled (32-bit)
 Alignments: Space 512K, Generation 512K, Heap 2M
 Heap Min Capacity: 100M
 Heap Initial Capacity: 100M
 Heap Max Capacity: 2G
 Pre-touch: Disabled
 Parallel Workers: 8
Heap:
 PSYoungGen      total 15360K, used 9474K [0x00000000d5580000, 0x00000000d6a00000, 0x0000000100000000)
  eden space 14848K, 60% used [0x00000000d5580000,0x00000000d5e48a68,0x00000000d6400000)
  from space 512K, 93% used [0x00000000d6580000,0x00000000d65f8020,0x00000000d6600000)
  to   space 1536K, 0% used [0x00000000d6880000,0x00000000d6880000,0x00000000d6a00000)
 ParOldGen       total 171520K, used 171448K [0x0000000080000000, 0x000000008a780000, 0x00000000d5580000)
  object space 171520K, 99% used [0x0000000080000000,0x000000008a76e240,0x000000008a780000)
 Metaspace       used 85640K, committed 87488K, reserved 1179648K
  class space    used 9322K, committed 10176K, reserved 1048576K
GC Heap History (20 events):
Event: 30036.836 GC heap before
{Heap before GC invocations=79 (full 3):
 PSYoungGen      total 17920K, used 17904K [0x00000000d5580000, 0x00000000d6b00000, 0x0000000100000000)
  eden space 16896K, 100% used [0x00000000d5580000,0x00000000d6600000,0x00000000d6600000)
  from space 1024K, 98% used [0x00000000d6600000,0x00000000d66fc070,0x00000000d6700000)
  to   space 2560K, 0% used [0x00000000d6880000,0x00000000d6880000,0x00000000d6b00000)
 ParOldGen       total 159744K, used 159236K [0x0000000080000000, 0x0000000089c00000, 0x00000000d5580000)
  object space 159744K, 99% used [0x0000000080000000,0x0000000089b81110,0x0000000089c00000)
 Metaspace       used 82322K, committed 84160K, reserved 1179648K
  class space    used 9007K, committed 9792K, reserved 1048576K
}
Event: 30036.840 GC heap after
{Heap after GC invocations=79 (full 3):
 PSYoungGen      total 17408K, used 2528K [0x00000000d5580000, 0x00000000d6f00000, 0x0000000100000000)
  eden space 14848K, 0% used [0x00000000d5580000,0x00000000d5580000,0x00000000d6400000)
  from space 2560K, 98% used [0x00000000d6880000,0x00000000d6af8310,0x00000000d6b00000)
  to   space 4608K, 0% used [0x00000000d6400000,0x00000000d6400000,0x00000000d6880000)
 ParOldGen       total 160768K, used 160716K [0x0000000080000000, 0x0000000089d00000, 0x00000000d5580000)
  object space 160768K, 99% used [0x0000000080000000,0x0000000089cf3308,0x0000000089d00000)
 Metaspace       used 82322K, committed 84160K, reserved 1179648K
  class space    used 9007K, committed 9792K, reserved 1048576K
}
Event: 30037.080 GC heap before
{Heap before GC invocations=80 (full 3):
 PSYoungGen      total 17408K, used 17376K [0x00000000d5580000, 0x00000000d6f00000, 0x0000000100000000)
  eden space 14848K, 100% used [0x00000000d5580000,0x00000000d6400000,0x00000000d6400000)
  from space 2560K, 98% used [0x00000000d6880000,0x00000000d6af8310,0x00000000d6b00000)
  to   space 4608K, 0% used [0x00000000d6400000,0x00000000d6400000,0x00000000d6880000)
 ParOldGen       total 160768K, used 160716K [0x0000000080000000, 0x0000000089d00000, 0x00000000d5580000)
  object space 160768K, 99% used [0x0000000080000000,0x0000000089cf3308,0x0000000089d00000)
 Metaspace       used 82397K, committed 84160K, reserved 1179648K
  class space    used 9029K, committed 9792K, reserved 1048576K
}
Event: 30037.083 GC heap after
{Heap after GC invocations=80 (full 3):
 PSYoungGen      total 15872K, used 954K [0x00000000d5580000, 0x00000000d6900000, 0x0000000100000000)
  eden space 14848K, 0% used [0x00000000d5580000,0x00000000d5580000,0x00000000d6400000)
  from space 1024K, 93% used [0x00000000d6400000,0x00000000d64eea48,0x00000000d6500000)
  to   space 2560K, 0% used [0x00000000d6680000,0x00000000d6680000,0x00000000d6900000)
 ParOldGen       total 163328K, used 163256K [0x0000000080000000, 0x0000000089f80000, 0x00000000d5580000)
  object space 163328K, 99% used [0x0000000080000000,0x0000000089f6e258,0x0000000089f80000)
 Metaspace       used 82397K, committed 84160K, reserved 1179648K
  class space    used 9029K, committed 9792K, reserved 1048576K
}
Event: 30049.838 GC heap before
{Heap before GC invocations=81 (full 3):
 PSYoungGen      total 15872K, used 15802K [0x00000000d5580000, 0x00000000d6900000, 0x0000000100000000)
  eden space 14848K, 100% used [0x00000000d5580000,0x00000000d6400000,0x00000000d6400000)
  from space 1024K, 93% used [0x00000000d6400000,0x00000000d64eea48,0x00000000d6500000)
  to   space 2560K, 0% used [0x00000000d6680000,0x00000000d6680000,0x00000000d6900000)
 ParOldGen       total 163328K, used 163256K [0x0000000080000000, 0x0000000089f80000, 0x00000000d5580000)
  object space 163328K, 99% used [0x0000000080000000,0x0000000089f6e258,0x0000000089f80000)
 Metaspace       used 82832K, committed 84608K, reserved 1179648K
  class space    used 9061K, committed 9856K, reserved 1048576K
}
Event: 30049.840 GC heap after
{Heap after GC invocations=81 (full 3):
 PSYoungGen      total 15360K, used 512K [0x00000000d5580000, 0x00000000d6700000, 0x0000000100000000)
  eden space 14848K, 0% used [0x00000000d5580000,0x00000000d5580000,0x00000000d6400000)
  from space 512K, 100% used [0x00000000d6680000,0x00000000d6700000,0x00000000d6700000)
  to   space 1024K, 0% used [0x00000000d6500000,0x00000000d6500000,0x00000000d6600000)
 ParOldGen       total 163840K, used 163638K [0x0000000080000000, 0x000000008a000000, 0x00000000d5580000)
  object space 163840K, 99% used [0x0000000080000000,0x0000000089fcd9b8,0x000000008a000000)
 Metaspace       used 82832K, committed 84608K, reserved 1179648K
  class space    used 9061K, committed 9856K, reserved 1048576K
}
Event: 30055.245 GC heap before
{Heap before GC invocations=82 (full 3):
 PSYoungGen      total 15360K, used 15359K [0x00000000d5580000, 0x00000000d6700000, 0x0000000100000000)
  eden space 14848K, 99% used [0x00000000d5580000,0x00000000d63ffda8,0x00000000d6400000)
  from space 512K, 100% used [0x00000000d6680000,0x00000000d6700000,0x00000000d6700000)
  to   space 1024K, 0% used [0x00000000d6500000,0x00000000d6500000,0x00000000d6600000)
 ParOldGen       total 163840K, used 163638K [0x0000000080000000, 0x000000008a000000, 0x00000000d5580000)
  object space 163840K, 99% used [0x0000000080000000,0x0000000089fcd9b8,0x000000008a000000)
 Metaspace       used 83939K, committed 85696K, reserved 1179648K
  class space    used 9231K, committed 10048K, reserved 1048576K
}
Event: 30055.247 GC heap after
{Heap after GC invocations=82 (full 3):
 PSYoungGen      total 15872K, used 656K [0x00000000d5580000, 0x00000000d6700000, 0x0000000100000000)
  eden space 14848K, 0% used [0x00000000d5580000,0x00000000d5580000,0x00000000d6400000)
  from space 1024K, 64% used [0x00000000d6500000,0x00000000d65a4010,0x00000000d6600000)
  to   space 1024K, 0% used [0x00000000d6600000,0x00000000d6600000,0x00000000d6700000)
 ParOldGen       total 164352K, used 163927K [0x0000000080000000, 0x000000008a080000, 0x00000000d5580000)
  object space 164352K, 99% used [0x0000000080000000,0x000000008a015c50,0x000000008a080000)
 Metaspace       used 83939K, committed 85696K, reserved 1179648K
  class space    used 9231K, committed 10048K, reserved 1048576K
}
Event: 30064.105 GC heap before
{Heap before GC invocations=83 (full 3):
 PSYoungGen      total 15872K, used 15503K [0x00000000d5580000, 0x00000000d6700000, 0x0000000100000000)
  eden space 14848K, 99% used [0x00000000d5580000,0x00000000d63fff70,0x00000000d6400000)
  from space 1024K, 64% used [0x00000000d6500000,0x00000000d65a4010,0x00000000d6600000)
  to   space 1024K, 0% used [0x00000000d6600000,0x00000000d6600000,0x00000000d6700000)
 ParOldGen       total 164352K, used 163927K [0x0000000080000000, 0x000000008a080000, 0x00000000d5580000)
  object space 164352K, 99% used [0x0000000080000000,0x000000008a015c50,0x000000008a080000)
 Metaspace       used 84247K, committed 86080K, reserved 1179648K
  class space    used 9249K, committed 10048K, reserved 1048576K
}
Event: 30064.110 GC heap after
{Heap after GC invocations=83 (full 3):
 PSYoungGen      total 15360K, used 432K [0x00000000d5580000, 0x00000000d6680000, 0x0000000100000000)
  eden space 14848K, 0% used [0x00000000d5580000,0x00000000d5580000,0x00000000d6400000)
  from space 512K, 84% used [0x00000000d6600000,0x00000000d666c010,0x00000000d6680000)
  to   space 1024K, 0% used [0x00000000d6480000,0x00000000d6480000,0x00000000d6580000)
 ParOldGen       total 164352K, used 164289K [0x0000000080000000, 0x000000008a080000, 0x00000000d5580000)
  object space 164352K, 99% used [0x0000000080000000,0x000000008a070550,0x000000008a080000)
 Metaspace       used 84247K, committed 86080K, reserved 1179648K
  class space    used 9249K, committed 10048K, reserved 1048576K
}
Event: 30102.055 GC heap before
{Heap before GC invocations=84 (full 3):
 PSYoungGen      total 15360K, used 15280K [0x00000000d5580000, 0x00000000d6680000, 0x0000000100000000)
  eden space 14848K, 100% used [0x00000000d5580000,0x00000000d6400000,0x00000000d6400000)
  from space 512K, 84% used [0x00000000d6600000,0x00000000d666c010,0x00000000d6680000)
  to   space 1024K, 0% used [0x00000000d6480000,0x00000000d6480000,0x00000000d6580000)
 ParOldGen       total 164352K, used 164289K [0x0000000080000000, 0x000000008a080000, 0x00000000d5580000)
  object space 164352K, 99% used [0x0000000080000000,0x000000008a070550,0x000000008a080000)
 Metaspace       used 84680K, committed 86528K, reserved 1179648K
  class space    used 9261K, committed 10112K, reserved 1048576K
}
Event: 30102.067 GC heap after
{Heap after GC invocations=84 (full 3):
 PSYoungGen      total 15872K, used 480K [0x00000000d5580000, 0x00000000d6680000, 0x0000000100000000)
  eden space 14848K, 0% used [0x00000000d5580000,0x00000000d5580000,0x00000000d6400000)
  from space 1024K, 46% used [0x00000000d6480000,0x00000000d64f8000,0x00000000d6580000)
  to   space 512K, 0% used [0x00000000d6600000,0x00000000d6600000,0x00000000d6680000)
 ParOldGen       total 164864K, used 164425K [0x0000000080000000, 0x000000008a100000, 0x00000000d5580000)
  object space 164864K, 99% used [0x0000000080000000,0x000000008a092550,0x000000008a100000)
 Metaspace       used 84680K, committed 86528K, reserved 1179648K
  class space    used 9261K, committed 10112K, reserved 1048576K
}
Event: 30160.162 GC heap before
{Heap before GC invocations=85 (full 3):
 PSYoungGen      total 15872K, used 15328K [0x00000000d5580000, 0x00000000d6680000, 0x0000000100000000)
  eden space 14848K, 100% used [0x00000000d5580000,0x00000000d6400000,0x00000000d6400000)
  from space 1024K, 46% used [0x00000000d6480000,0x00000000d64f8000,0x00000000d6580000)
  to   space 512K, 0% used [0x00000000d6600000,0x00000000d6600000,0x00000000d6680000)
 ParOldGen       total 164864K, used 164425K [0x0000000080000000, 0x000000008a100000, 0x00000000d5580000)
  object space 164864K, 99% used [0x0000000080000000,0x000000008a092550,0x000000008a100000)
 Metaspace       used 84843K, committed 86656K, reserved 1179648K
  class space    used 9266K, committed 10112K, reserved 1048576K
}
Event: 30160.239 GC heap after
{Heap after GC invocations=85 (full 3):
 PSYoungGen      total 15360K, used 512K [0x00000000d5580000, 0x00000000d6700000, 0x0000000100000000)
  eden space 14848K, 0% used [0x00000000d5580000,0x00000000d5580000,0x00000000d6400000)
  from space 512K, 100% used [0x00000000d6600000,0x00000000d6680000,0x00000000d6680000)
  to   space 1536K, 0% used [0x00000000d6400000,0x00000000d6400000,0x00000000d6580000)
 ParOldGen       total 165376K, used 164901K [0x0000000080000000, 0x000000008a180000, 0x00000000d5580000)
  object space 165376K, 99% used [0x0000000080000000,0x000000008a109580,0x000000008a180000)
 Metaspace       used 84843K, committed 86656K, reserved 1179648K
  class space    used 9266K, committed 10112K, reserved 1048576K
}
Event: 30170.150 GC heap before
{Heap before GC invocations=86 (full 3):
 PSYoungGen      total 15360K, used 15360K [0x00000000d5580000, 0x00000000d6700000, 0x0000000100000000)
  eden space 14848K, 100% used [0x00000000d5580000,0x00000000d6400000,0x00000000d6400000)
  from space 512K, 100% used [0x00000000d6600000,0x00000000d6680000,0x00000000d6680000)
  to   space 1536K, 0% used [0x00000000d6400000,0x00000000d6400000,0x00000000d6580000)
 ParOldGen       total 165376K, used 164901K [0x0000000080000000, 0x000000008a180000, 0x00000000d5580000)
  object space 165376K, 99% used [0x0000000080000000,0x000000008a109580,0x000000008a180000)
 Metaspace       used 85210K, committed 86976K, reserved 1179648K
  class space    used 9301K, committed 10112K, reserved 1048576K
}
Event: 30170.156 GC heap after
{Heap after GC invocations=86 (full 3):
 PSYoungGen      total 16384K, used 1532K [0x00000000d5580000, 0x00000000d6f00000, 0x0000000100000000)
  eden space 14848K, 0% used [0x00000000d5580000,0x00000000d5580000,0x00000000d6400000)
  from space 1536K, 99% used [0x00000000d6400000,0x00000000d657f110,0x00000000d6580000)
  to   space 5632K, 0% used [0x00000000d6980000,0x00000000d6980000,0x00000000d6f00000)
 ParOldGen       total 167936K, used 167935K [0x0000000080000000, 0x000000008a400000, 0x00000000d5580000)
  object space 167936K, 99% used [0x0000000080000000,0x000000008a3fffd0,0x000000008a400000)
 Metaspace       used 85210K, committed 86976K, reserved 1179648K
  class space    used 9301K, committed 10112K, reserved 1048576K
}
Event: 30170.690 GC heap before
{Heap before GC invocations=87 (full 3):
 PSYoungGen      total 16384K, used 16380K [0x00000000d5580000, 0x00000000d6f00000, 0x0000000100000000)
  eden space 14848K, 100% used [0x00000000d5580000,0x00000000d6400000,0x00000000d6400000)
  from space 1536K, 99% used [0x00000000d6400000,0x00000000d657f110,0x00000000d6580000)
  to   space 5632K, 0% used [0x00000000d6980000,0x00000000d6980000,0x00000000d6f00000)
 ParOldGen       total 167936K, used 167935K [0x0000000080000000, 0x000000008a400000, 0x00000000d5580000)
  object space 167936K, 99% used [0x0000000080000000,0x000000008a3fffd0,0x000000008a400000)
 Metaspace       used 85303K, committed 87104K, reserved 1179648K
  class space    used 9302K, committed 10112K, reserved 1048576K
}
Event: 30170.693 GC heap after
{Heap after GC invocations=87 (full 3):
 PSYoungGen      total 17920K, used 2972K [0x00000000d5580000, 0x00000000d6c80000, 0x0000000100000000)
  eden space 14848K, 0% used [0x00000000d5580000,0x00000000d5580000,0x00000000d6400000)
  from space 3072K, 96% used [0x00000000d6980000,0x00000000d6c67050,0x00000000d6c80000)
  to   space 3584K, 0% used [0x00000000d6580000,0x00000000d6580000,0x00000000d6900000)
 ParOldGen       total 168960K, used 168604K [0x0000000080000000, 0x000000008a500000, 0x00000000d5580000)
  object space 168960K, 99% used [0x0000000080000000,0x000000008a4a71f0,0x000000008a500000)
 Metaspace       used 85303K, committed 87104K, reserved 1179648K
  class space    used 9302K, committed 10112K, reserved 1048576K
}
Event: 30188.416 GC heap before
{Heap before GC invocations=88 (full 3):
 PSYoungGen      total 17920K, used 17820K [0x00000000d5580000, 0x00000000d6c80000, 0x0000000100000000)
  eden space 14848K, 100% used [0x00000000d5580000,0x00000000d6400000,0x00000000d6400000)
  from space 3072K, 96% used [0x00000000d6980000,0x00000000d6c67050,0x00000000d6c80000)
  to   space 3584K, 0% used [0x00000000d6580000,0x00000000d6580000,0x00000000d6900000)
 ParOldGen       total 168960K, used 168604K [0x0000000080000000, 0x000000008a500000, 0x00000000d5580000)
  object space 168960K, 99% used [0x0000000080000000,0x000000008a4a71f0,0x000000008a500000)
 Metaspace       used 85568K, committed 87360K, reserved 1179648K
  class space    used 9321K, committed 10112K, reserved 1048576K
}
Event: 30188.420 GC heap after
{Heap after GC invocations=88 (full 3):
 PSYoungGen      total 15360K, used 480K [0x00000000d5580000, 0x00000000d6a00000, 0x0000000100000000)
  eden space 14848K, 0% used [0x00000000d5580000,0x00000000d5580000,0x00000000d6400000)
  from space 512K, 93% used [0x00000000d6580000,0x00000000d65f8020,0x00000000d6600000)
  to   space 1536K, 0% used [0x00000000d6880000,0x00000000d6880000,0x00000000d6a00000)
 ParOldGen       total 171520K, used 171448K [0x0000000080000000, 0x000000008a780000, 0x00000000d5580000)
  object space 171520K, 99% used [0x0000000080000000,0x000000008a76e240,0x000000008a780000)
 Metaspace       used 85568K, committed 87360K, reserved 1179648K
  class space    used 9321K, committed 10112K, reserved 1048576K
}

